<?xml version="1.0" encoding="UTF-8"?>
<!-- Generated by org.testng.reporters.JUnitReportReporter -->
<testsuite hostname="DESKTOP-UFF7VOJ" name="testClasses.PurchaseTest" tests="3" failures="0" timestamp="19 Jan 2020 13:58:54 GMT" time="292.064" errors="0">
  <testcase name="selectProductcategory" time="123.197" classname="testClasses.PurchaseTest"/>
  <testcase name="selectProductcategory" time="54.549" classname="testClasses.PurchaseTest"/>
  <testcase name="selectProductcategory" time="114.318" classname="testClasses.PurchaseTest"/>
</testsuite> <!-- testClasses.PurchaseTest -->
